<?xml version="1.0" encoding="UTF-8"?>
<!-- Generated by org.testng.reporters.JUnitReportReporter -->
<testsuite skipped="3" hostname="LAPTOP-2O7S91F9" name="com.automation.qa.testcases.ContactsPageTest" tests="4" failures="0" timestamp="25 Sep 2019 04:29:27 GMT" time="18.928" errors="0">
  <testcase name="validateCreateNewContactTest" time="18.928" classname="com.automation.qa.testcases.ContactsPageTest"/>
  <testcase name="verifyContactPageLabel" classname="com.automation.qa.testcases.ContactsPageTest">
    <skipped/>
  </testcase> <!-- verifyContactPageLabel -->
  <testcase name="selectMultipleContactsTest" classname="com.automation.qa.testcases.ContactsPageTest">
    <skipped/>
  </testcase> <!-- selectMultipleContactsTest -->
  <testcase name="selectSingleContactsTest" classname="com.automation.qa.testcases.ContactsPageTest">
    <skipped/>
  </testcase> <!-- selectSingleContactsTest -->
</testsuite> <!-- com.automation.qa.testcases.ContactsPageTest -->
