<?xml version="1.0" encoding="UTF-8"?>
<!-- Generated by org.testng.reporters.JUnitReportReporter -->
<testsuite skipped="0" hostname="LAPTOP-2O7S91F9" name="com.automation.qa.testcases.HomePageTest" tests="3" failures="0" timestamp="24 Sep 2019 17:06:09 GMT" time="76.654" errors="0">
  <testcase name="verifyHomePageTitleTest" time="16.085" classname="com.automation.qa.testcases.HomePageTest"/>
  <testcase name="verifyUserNameTest" time="17.351" classname="com.automation.qa.testcases.HomePageTest"/>
  <testcase name="verifyContactsLinkTest" time="43.218" classname="com.automation.qa.testcases.HomePageTest"/>
</testsuite> <!-- com.automation.qa.testcases.HomePageTest -->
