<?xml version="1.0" encoding="UTF-8"?>
<!-- Generated by org.testng.reporters.JUnitReportReporter -->
<testsuite skipped="2" hostname="LAPTOP-2O7S91F9" name="com.automation.qa.testcases.LoginPageTest" tests="3" failures="0" timestamp="24 Sep 2019 17:06:09 GMT" time="11.819" errors="0">
  <testcase name="loginTest" time="11.819" classname="com.automation.qa.testcases.LoginPageTest"/>
  <testcase name="crmLogoImageTest" classname="com.automation.qa.testcases.LoginPageTest">
    <skipped/>
  </testcase> <!-- crmLogoImageTest -->
  <testcase name="loginPageTitleTest" classname="com.automation.qa.testcases.LoginPageTest">
    <skipped/>
  </testcase> <!-- loginPageTitleTest -->
</testsuite> <!-- com.automation.qa.testcases.LoginPageTest -->
