<?xml version="1.0" encoding="UTF-8"?>
<!-- Generated by org.testng.reporters.JUnitReportReporter -->
<testsuite skipped="0" hostname="LAPTOP-2O7S91F9" name="com.automation.qa.testcases.LoginPageTest" tests="3" failures="0" timestamp="21 Sep 2019 04:42:59 GMT" time="25.945" errors="0">
  <testcase name="loginPageTitleTest" time="8.051" classname="com.automation.qa.testcases.LoginPageTest"/>
  <testcase name="crmLogoImageTest" time="6.423" classname="com.automation.qa.testcases.LoginPageTest"/>
  <testcase name="loginTest" time="11.471" classname="com.automation.qa.testcases.LoginPageTest"/>
</testsuite> <!-- com.automation.qa.testcases.LoginPageTest -->
