<?xml version="1.0" encoding="UTF-8"?>
<!-- Generated by org.testng.reporters.JUnitReportReporter -->
<testsuite skipped="1" hostname="LAPTOP-2O7S91F9" name="com.automation.qa.testcases.ContactsPageTest" tests="7" failures="0" timestamp="28 Sep 2019 04:00:37 GMT" time="92.544" errors="0">
  <testcase name="verifyContactPageLabel" time="11.781" classname="com.automation.qa.testcases.ContactsPageTest"/>
  <testcase name="selectSingleContactsTest" time="14.364" classname="com.automation.qa.testcases.ContactsPageTest"/>
  <testcase name="selectMultipleContactsTest" time="17.583" classname="com.automation.qa.testcases.ContactsPageTest"/>
  <testcase name="validateCreateNewContactTest" time="16.556" classname="com.automation.qa.testcases.ContactsPageTest"/>
  <testcase name="validateCreateNewContactTest" time="15.970" classname="com.automation.qa.testcases.ContactsPageTest"/>
  <testcase name="validateCreateNewContactTest" time="16.290" classname="com.automation.qa.testcases.ContactsPageTest"/>
  <testcase name="validateCreateNewContactTest1" classname="com.automation.qa.testcases.ContactsPageTest">
    <skipped/>
  </testcase> <!-- validateCreateNewContactTest1 -->
</testsuite> <!-- com.automation.qa.testcases.ContactsPageTest -->
