<?xml version="1.0" encoding="UTF-8"?>
<!-- Generated by org.testng.reporters.JUnitReportReporter -->
<testsuite skipped="0" hostname="LAPTOP-2O7S91F9" name="interview.ParamaterizationInSelenium" tests="3" failures="0" timestamp="06 Nov 2019 02:45:17 GMT" time="0.033" errors="0">
  <testcase name="verifyData" time="0.001" classname="interview.ParamaterizationInSelenium"/>
  <testcase name="verifyData" time="0.002" classname="interview.ParamaterizationInSelenium"/>
  <testcase name="getTitle" time="0.030" classname="interview.ParamaterizationInSelenium"/>
</testsuite> <!-- interview.ParamaterizationInSelenium -->
