<?xml version="1.0" encoding="UTF-8"?>
<!-- Generated by org.testng.reporters.JUnitReportReporter -->
<testsuite skipped="0" hostname="LAPTOP-2O7S91F9" name="com.automation.qa.testcases.HomePageTest" tests="1" failures="0" timestamp="01 Oct 2019 21:58:40 GMT" time="18.214" errors="0">
  <testcase name="verifyHomePageTitleTest" time="18.214" classname="com.automation.qa.testcases.HomePageTest"/>
</testsuite> <!-- com.automation.qa.testcases.HomePageTest -->
