<?xml version="1.0" encoding="UTF-8"?>
<!-- Generated by org.testng.reporters.JUnitReportReporter -->
<testsuite skipped="0" hostname="LAPTOP-2O7S91F9" name="com.automation.qa.testcases.PropertiesTest" tests="1" failures="0" timestamp="01 Oct 2019 21:58:40 GMT" time="0.011" errors="0">
  <testcase name="test1" time="0.011" classname="com.automation.qa.testcases.PropertiesTest"/>
</testsuite> <!-- com.automation.qa.testcases.PropertiesTest -->
